<?xml version="1.0" encoding="UTF-8"?>
<robot generator="Robot 7.2.2 (Python 3.13.2 on win32)" generated="2025-03-12T12:54:53.021571" rpa="false" schemaversion="5">
<suite id="s1" name="Vigilator-Node" source="C:\Users\Patrick\Desktop\werk_en_hobby\projects\GITHUB\vigilator-node\tests\vigilator-node.robot">
<kw name="Create Session" owner="RequestsLibrary" type="SETUP">
<msg time="2025-03-12T12:54:53.626338" level="INFO">Creating Session using : alias=VigilatorNode, url=http://localhost:8888, headers={},                     cookies={}, auth=None, timeout=None, proxies=None, verify=False,                     debug=0 </msg>
<arg>VigilatorNode</arg>
<arg>${uri}</arg>
<doc>Create Session: create a HTTP session to a server</doc>
<status status="PASS" start="2025-03-12T12:54:53.626103" elapsed="0.000417"/>
</kw>
<test id="s1-t1" name="Clear Before - All tests" line="26">
<kw name="Clean">
<kw name="Log To Console" owner="BuiltIn">
<arg>clearing</arg>
<doc>Logs the given message to the console.</doc>
<status status="PASS" start="2025-03-12T12:54:53.627335" elapsed="0.000263"/>
</kw>
<status status="PASS" start="2025-03-12T12:54:53.627122" elapsed="0.000565"/>
</kw>
<status status="PASS" start="2025-03-12T12:54:53.626645" elapsed="0.001431"/>
</test>
<test id="s1-t2" name="Retrieve status update from Vigilator node" line="29">
<kw name="GET On Session" owner="RequestsLibrary">
<msg time="2025-03-12T12:54:53.641668" level="INFO">GET Request : url=http://localhost:8888/status 
 path_url=/status 
 headers={'User-Agent': 'python-requests/2.32.3', 'Accept-Encoding': 'gzip, deflate', 'Accept': '*/*', 'Connection': 'keep-alive'} 
 body=None 
 </msg>
<msg time="2025-03-12T12:54:53.641781" level="INFO">GET Response : url=http://localhost:8888/status 
 status=200, reason=OK 
 headers={'Date': 'Wed, 12 Mar 2025 11:54:53 GMT', 'Content-type': 'application/json', 'Access-control-allow-origin': '*', 'Content-length': '731'} 
 body=[{"healthy":true,"errors":[],"warnings":["Received value: 0 for '== 0 W' in entry: EmailExecutor indicating issues with the resource.","Received value: 0 for '!= 1 W' in entry: EmailExecutor indicating issues with the resource."]},{"healthy":true,"errors":[],"warnings":[]},{"healthy":true,"errors":[],"warnings":["The web reply validation for url: https://bvd.mev.logius.nl received a response but no title is\nprovided in the configuration to validate this response. The response might\nnot be what is expected"]},{"healthy":true,"errors":[],"warnings":[]},{"healthy":true,"errors":[],"warnings":[]},{"healthy":true,"errors":[],"warnings":[]},{"healthy":true,"errors":[],"warnings":[]},{"healthy":true,"errors":[],"warnings":[]}] 
 </msg>
<msg time="2025-03-12T12:54:53.641892" level="INFO">${resp} = &lt;Response [200]&gt;</msg>
<var>${resp}</var>
<arg>VigilatorNode</arg>
<arg>/status</arg>
<doc>Sends a GET request on a previously created HTTP Session.</doc>
<status status="PASS" start="2025-03-12T12:54:53.629468" elapsed="0.012448"/>
</kw>
<kw name="Log To Console" owner="BuiltIn">
<arg>${resp.text}</arg>
<doc>Logs the given message to the console.</doc>
<status status="PASS" start="2025-03-12T12:54:53.642257" elapsed="0.000693"/>
</kw>
<doc>Retrieving status update from node</doc>
<tag>Expecting status</tag>
<status status="PASS" start="2025-03-12T12:54:53.629034" elapsed="0.014417"/>
</test>
<test id="s1-t3" name="Clear After - All tests" line="36">
<kw name="Clean">
<kw name="Log To Console" owner="BuiltIn">
<arg>clearing</arg>
<doc>Logs the given message to the console.</doc>
<status status="PASS" start="2025-03-12T12:54:53.645040" elapsed="0.000238"/>
</kw>
<status status="PASS" start="2025-03-12T12:54:53.644842" elapsed="0.000504"/>
</kw>
<status status="PASS" start="2025-03-12T12:54:53.644437" elapsed="0.001252"/>
</test>
<doc>Test suite for Vigilator node</doc>
<status status="PASS" start="2025-03-12T12:54:53.023555" elapsed="0.623236"/>
</suite>
<statistics>
<total>
<stat pass="3" fail="0" skip="0">All Tests</stat>
</total>
<tag>
<stat pass="1" fail="0" skip="0">Expecting status</stat>
</tag>
<suite>
<stat name="Vigilator-Node" id="s1" pass="3" fail="0" skip="0">Vigilator-Node</stat>
</suite>
</statistics>
<errors>
</errors>
</robot>
